<?xml version='1.0'?> 
<!DOCTYPE coverage SYSTEM "http://cobertura.sourceforge.net/xml/coverage-04.dtd">
<!-- Generated by simplecov-cobertura version 1.4.2 (https://github.com/dashingrocket/simplecov-cobertura) -->
<coverage line-rate="0.47" branch-rate="0" lines-covered="15" lines-valid="32" branches-covered="0" branches-valid="0" complexity="0" version="0" timestamp="1608482030">
  <sources>
    <source>C:/Users/alexa/Documents/rails-app/snippets_for_espanso</source>
  </sources>
  <packages>
    <package name="snippets_for_espanso" line-rate="0.47" branch-rate="0" complexity="0">
      <classes>
        <class name="snippet_generator" filename="lib/snippet_generator.rb" line-rate="0.47" branch-rate="0" complexity="0">
          <methods/>
          <lines>
            <line number="3" branch="false" hits="1"/>
            <line number="4" branch="false" hits="1"/>
            <line number="8" branch="false" hits="1"/>
            <line number="9" branch="false" hits="2"/>
            <line number="14" branch="false" hits="1"/>
            <line number="15" branch="false" hits="2"/>
            <line number="16" branch="false" hits="2"/>
            <line number="21" branch="false" hits="1"/>
            <line number="22" branch="false" hits="2"/>
            <line number="28" branch="false" hits="1"/>
            <line number="29" branch="false" hits="2"/>
            <line number="30" branch="false" hits="2"/>
            <line number="31" branch="false" hits="2"/>
            <line number="38" branch="false" hits="1"/>
            <line number="39" branch="false" hits="0"/>
            <line number="40" branch="false" hits="0"/>
            <line number="42" branch="false" hits="0"/>
            <line number="43" branch="false" hits="0"/>
            <line number="44" branch="false" hits="0"/>
            <line number="45" branch="false" hits="0"/>
            <line number="46" branch="false" hits="0"/>
            <line number="47" branch="false" hits="0"/>
            <line number="48" branch="false" hits="0"/>
            <line number="49" branch="false" hits="0"/>
            <line number="50" branch="false" hits="0"/>
            <line number="51" branch="false" hits="0"/>
            <line number="59" branch="false" hits="1"/>
            <line number="60" branch="false" hits="0"/>
            <line number="61" branch="false" hits="0"/>
            <line number="62" branch="false" hits="0"/>
            <line number="63" branch="false" hits="0"/>
            <line number="64" branch="false" hits="0"/>
          </lines>
        </class>
      </classes>
    </package>
  </packages>
</coverage>